# JRE version: OpenJDK Runtime Environment Zulu17.48+15-CA (17.0.10+7) (build 17.0.10+7-LTS)
# Java VM: OpenJDK 64-Bit Server VM Zulu17.48+15-CA (17.0.10+7-LTS, mixed mode, sharing, tiered, compressed oops, compressed class ptrs, g1 gc, bsd-amd64)
Heap:
 garbage-first heap   total 579584K, used 368403K [0x0000000780000000, 0x0000000800000000)
  region size 1024K, 274 young (280576K), 3 survivors (3072K)
 Metaspace       used 124296K, committed 124928K, reserved 557056K
  class space    used 15988K, committed 16256K, reserved 425984K
GC Heap History (20 events):
Event: 44.440 GC heap before
{Heap before GC invocations=64 (full 0):
 garbage-first heap   total 219136K, used 175534K [0x0000000780000000, 0x0000000800000000)
  region size 1024K, 105 young (107520K), 2 survivors (2048K)
 Metaspace       used 82268K, committed 82752K, reserved 557056K
  class space    used 11036K, committed 11264K, reserved 425984K
}
Event: 44.451 GC heap after
{Heap after GC invocations=65 (full 0):
 garbage-first heap   total 219136K, used 75000K [0x0000000780000000, 0x0000000800000000)
  region size 1024K, 8 young (8192K), 8 survivors (8192K)
 Metaspace       used 82268K, committed 82752K, reserved 557056K
  class space    used 11036K, committed 11264K, reserved 425984K
}
Event: 49.558 GC heap before
{Heap before GC invocations=66 (full 0):
 garbage-first heap   total 219136K, used 173304K [0x0000000780000000, 0x0000000800000000)
  region size 1024K, 104 young (106496K), 8 survivors (8192K)
 Metaspace       used 88923K, committed 89472K, reserved 557056K
  class space    used 11770K, committed 12032K, reserved 425984K
}
Event: 49.571 GC heap after
{Heap after GC invocations=67 (full 0):
 garbage-first heap   total 219136K, used 79316K [0x0000000780000000, 0x0000000800000000)
  region size 1024K, 6 young (6144K), 6 survivors (6144K)
 Metaspace       used 88923K, committed 89472K, reserved 557056K
  class space    used 11770K, committed 12032K, reserved 425984K
}
Event: 49.660 GC heap before
{Heap before GC invocations=67 (full 0):
 garbage-first heap   total 219136K, used 82388K [0x0000000780000000, 0x0000000800000000)
  region size 1024K, 10 young (10240K), 6 survivors (6144K)
 Metaspace       used 89257K, committed 89792K, reserved 557056K
  class space    used 11811K, committed 12032K, reserved 425984K
}
Event: 49.673 GC heap after
{Heap after GC invocations=68 (full 0):
 garbage-first heap   total 219136K, used 78952K [0x0000000780000000, 0x0000000800000000)
  region size 1024K, 2 young (2048K), 2 survivors (2048K)
 Metaspace       used 89257K, committed 89792K, reserved 557056K
  class space    used 11811K, committed 12032K, reserved 425984K
}
Event: 126.146 GC heap before
{Heap before GC invocations=68 (full 0):
 garbage-first heap   total 219136K, used 173160K [0x0000000780000000, 0x0000000800000000)
  region size 1024K, 95 young (97280K), 2 survivors (2048K)
 Metaspace       used 101158K, committed 101696K, reserved 557056K
  class space    used 13063K, committed 13312K, reserved 425984K
}
Event: 126.211 GC heap after
{Heap after GC invocations=69 (full 0):
 garbage-first heap   total 219136K, used 82199K [0x0000000780000000, 0x0000000800000000)
  region size 1024K, 5 young (5120K), 5 survivors (5120K)
 Metaspace       used 101158K, committed 101696K, reserved 557056K
  class space    used 13063K, committed 13312K, reserved 425984K
}
Event: 136.965 GC heap before
{Heap before GC invocations=69 (full 0):
 garbage-first heap   total 219136K, used 176407K [0x0000000780000000, 0x0000000800000000)
  region size 1024K, 97 young (99328K), 5 survivors (5120K)
 Metaspace       used 116758K, committed 117312K, reserved 557056K
  class space    used 15001K, committed 15296K, reserved 425984K
}
Event: 136.978 GC heap after
{Heap after GC invocations=70 (full 0):
 garbage-first heap   total 219136K, used 87571K [0x0000000780000000, 0x0000000800000000)
  region size 1024K, 10 young (10240K), 10 survivors (10240K)
 Metaspace       used 116758K, committed 117312K, reserved 557056K
  class space    used 15001K, committed 15296K, reserved 425984K
}
Event: 143.050 GC heap before
{Heap before GC invocations=70 (full 0):
 garbage-first heap   total 219136K, used 176659K [0x0000000780000000, 0x0000000800000000)
  region size 1024K, 97 young (99328K), 10 survivors (10240K)
 Metaspace       used 120020K, committed 120640K, reserved 557056K
  class space    used 15478K, committed 15744K, reserved 425984K
}
Event: 143.064 GC heap after
{Heap after GC invocations=71 (full 0):
 garbage-first heap   total 219136K, used 89734K [0x0000000780000000, 0x0000000800000000)
  region size 1024K, 8 young (8192K), 8 survivors (8192K)
 Metaspace       used 120020K, committed 120640K, reserved 557056K
  class space    used 15478K, committed 15744K, reserved 425984K
}
Event: 143.446 GC heap before
{Heap before GC invocations=71 (full 0):
 garbage-first heap   total 219136K, used 179846K [0x0000000780000000, 0x0000000800000000)
  region size 1024K, 96 young (98304K), 8 survivors (8192K)
 Metaspace       used 120045K, committed 120640K, reserved 557056K
  class space    used 15480K, committed 15744K, reserved 425984K
}
Event: 143.460 GC heap after
{Heap after GC invocations=72 (full 0):
 garbage-first heap   total 219136K, used 91035K [0x0000000780000000, 0x0000000800000000)
  region size 1024K, 4 young (4096K), 4 survivors (4096K)
 Metaspace       used 120045K, committed 120640K, reserved 557056K
  class space    used 15480K, committed 15744K, reserved 425984K
}
Event: 143.654 GC heap before
{Heap before GC invocations=72 (full 0):
 garbage-first heap   total 219136K, used 181147K [0x0000000780000000, 0x0000000800000000)
  region size 1024K, 92 young (94208K), 4 survivors (4096K)
 Metaspace       used 120046K, committed 120640K, reserved 557056K
  class space    used 15480K, committed 15744K, reserved 425984K
}
Event: 143.661 GC heap after
{Heap after GC invocations=73 (full 0):
 garbage-first heap   total 219136K, used 92090K [0x0000000780000000, 0x0000000800000000)
  region size 1024K, 5 young (5120K), 5 survivors (5120K)
 Metaspace       used 120046K, committed 120640K, reserved 557056K
  class space    used 15480K, committed 15744K, reserved 425984K
}
Event: 143.854 GC heap before
{Heap before GC invocations=73 (full 0):
 garbage-first heap   total 219136K, used 183226K [0x0000000780000000, 0x0000000800000000)
  region size 1024K, 94 young (96256K), 5 survivors (5120K)
 Metaspace       used 120046K, committed 120640K, reserved 557056K
  class space    used 15480K, committed 15744K, reserved 425984K
}
Event: 143.863 GC heap after
{Heap after GC invocations=74 (full 0):
 garbage-first heap   total 579584K, used 93512K [0x0000000780000000, 0x0000000800000000)
  region size 1024K, 6 young (6144K), 6 survivors (6144K)
 Metaspace       used 120046K, committed 120640K, reserved 557056K
  class space    used 15480K, committed 15744K, reserved 425984K
}
Event: 145.075 GC heap before
{Heap before GC invocations=74 (full 0):
 garbage-first heap   total 579584K, used 434504K [0x0000000780000000, 0x0000000800000000)
  region size 1024K, 339 young (347136K), 6 survivors (6144K)
 Metaspace       used 120047K, committed 120640K, reserved 557056K
  class space    used 15480K, committed 15744K, reserved 425984K
}
Event: 145.081 GC heap after
{Heap after GC invocations=75 (full 0):
 garbage-first heap   total 579584K, used 89875K [0x0000000780000000, 0x0000000800000000)
  region size 1024K, 3 young (3072K), 3 survivors (3072K)
 Metaspace       used 120047K, committed 120640K, reserved 557056K
  class space    used 15480K, committed 15744K, reserved 425984K
}

