# JRE version: OpenJDK Runtime Environment Zulu17.48+15-CA (17.0.10+7) (build 17.0.10+7-LTS)
# Java VM: OpenJDK 64-Bit Server VM Zulu17.48+15-CA (17.0.10+7-LTS, mixed mode, sharing, tiered, compressed oops, compressed class ptrs, g1 gc, bsd-amd64)
Heap:
 garbage-first heap   total 115712K, used 47111K [0x0000000780000000, 0x0000000800000000)
  region size 1024K, 17 young (17408K), 6 survivors (6144K)
 Metaspace       used 48602K, committed 49152K, reserved 491520K
  class space    used 6869K, committed 7104K, reserved 425984K
GC Heap History (20 events):
Event: 0.429 GC heap before
{Heap before GC invocations=0 (full 0):
 garbage-first heap   total 133120K, used 13224K [0x0000000780000000, 0x0000000800000000)
  region size 1024K, 13 young (13312K), 0 survivors (0K)
 Metaspace       used 1007K, committed 1152K, reserved 491520K
  class space    used 80K, committed 128K, reserved 425984K
}
Event: 0.432 GC heap after
{Heap after GC invocations=1 (full 0):
 garbage-first heap   total 133120K, used 2929K [0x0000000780000000, 0x0000000800000000)
  region size 1024K, 2 young (2048K), 2 survivors (2048K)
 Metaspace       used 1007K, committed 1152K, reserved 491520K
  class space    used 80K, committed 128K, reserved 425984K
}
Event: 0.999 GC heap before
{Heap before GC invocations=1 (full 0):
 garbage-first heap   total 133120K, used 28529K [0x0000000780000000, 0x0000000800000000)
  region size 1024K, 24 young (24576K), 2 survivors (2048K)
 Metaspace       used 4014K, committed 4224K, reserved 491520K
  class space    used 519K, committed 640K, reserved 425984K
}
Event: 1.005 GC heap after
{Heap after GC invocations=2 (full 0):
 garbage-first heap   total 133120K, used 11934K [0x0000000780000000, 0x0000000800000000)
  region size 1024K, 3 young (3072K), 3 survivors (3072K)
 Metaspace       used 4014K, committed 4224K, reserved 491520K
  class space    used 519K, committed 640K, reserved 425984K
}
Event: 1.286 GC heap before
{Heap before GC invocations=2 (full 0):
 garbage-first heap   total 133120K, used 40606K [0x0000000780000000, 0x0000000800000000)
  region size 1024K, 29 young (29696K), 3 survivors (3072K)
 Metaspace       used 4609K, committed 4864K, reserved 491520K
  class space    used 625K, committed 768K, reserved 425984K
}
Event: 1.292 GC heap after
{Heap after GC invocations=3 (full 0):
 garbage-first heap   total 133120K, used 17320K [0x0000000780000000, 0x0000000800000000)
  region size 1024K, 4 young (4096K), 4 survivors (4096K)
 Metaspace       used 4609K, committed 4864K, reserved 491520K
  class space    used 625K, committed 768K, reserved 425984K
}
Event: 3.400 GC heap before
{Heap before GC invocations=3 (full 0):
 garbage-first heap   total 133120K, used 91048K [0x0000000780000000, 0x0000000800000000)
  region size 1024K, 76 young (77824K), 4 survivors (4096K)
 Metaspace       used 17907K, committed 18176K, reserved 491520K
  class space    used 2618K, committed 2752K, reserved 425984K
}
Event: 3.412 GC heap after
{Heap after GC invocations=4 (full 0):
 garbage-first heap   total 133120K, used 22361K [0x0000000780000000, 0x0000000800000000)
  region size 1024K, 9 young (9216K), 9 survivors (9216K)
 Metaspace       used 17907K, committed 18176K, reserved 491520K
  class space    used 2618K, committed 2752K, reserved 425984K
}
Event: 3.914 GC heap before
{Heap before GC invocations=4 (full 0):
 garbage-first heap   total 133120K, used 46937K [0x0000000780000000, 0x0000000800000000)
  region size 1024K, 34 young (34816K), 9 survivors (9216K)
 Metaspace       used 21247K, committed 21504K, reserved 491520K
  class space    used 3137K, committed 3264K, reserved 425984K
}
Event: 3.926 GC heap after
{Heap after GC invocations=5 (full 0):
 garbage-first heap   total 133120K, used 24113K [0x0000000780000000, 0x0000000800000000)
  region size 1024K, 7 young (7168K), 7 survivors (7168K)
 Metaspace       used 21247K, committed 21504K, reserved 491520K
  class space    used 3137K, committed 3264K, reserved 425984K
}
Event: 4.936 GC heap before
{Heap before GC invocations=6 (full 0):
 garbage-first heap   total 96256K, used 73265K [0x0000000780000000, 0x0000000800000000)
  region size 1024K, 56 young (57344K), 7 survivors (7168K)
 Metaspace       used 28584K, committed 28928K, reserved 491520K
  class space    used 4149K, committed 4352K, reserved 425984K
}
Event: 4.950 GC heap after
{Heap after GC invocations=7 (full 0):
 garbage-first heap   total 96256K, used 27031K [0x0000000780000000, 0x0000000800000000)
  region size 1024K, 5 young (5120K), 5 survivors (5120K)
 Metaspace       used 28584K, committed 28928K, reserved 491520K
  class space    used 4149K, committed 4352K, reserved 425984K
}
Event: 5.885 GC heap before
{Heap before GC invocations=7 (full 0):
 garbage-first heap   total 96256K, used 70039K [0x0000000780000000, 0x0000000800000000)
  region size 1024K, 47 young (48128K), 5 survivors (5120K)
 Metaspace       used 32917K, committed 33344K, reserved 491520K
  class space    used 4710K, committed 4928K, reserved 425984K
}
Event: 5.902 GC heap after
{Heap after GC invocations=8 (full 0):
 garbage-first heap   total 96256K, used 30521K [0x0000000780000000, 0x0000000800000000)
  region size 1024K, 6 young (6144K), 6 survivors (6144K)
 Metaspace       used 32917K, committed 33344K, reserved 491520K
  class space    used 4710K, committed 4928K, reserved 425984K
}
Event: 6.430 GC heap before
{Heap before GC invocations=8 (full 0):
 garbage-first heap   total 96256K, used 56121K [0x0000000780000000, 0x0000000800000000)
  region size 1024K, 27 young (27648K), 6 survivors (6144K)
 Metaspace       used 35676K, committed 36096K, reserved 491520K
  class space    used 5031K, committed 5248K, reserved 425984K
}
Event: 6.442 GC heap after
{Heap after GC invocations=9 (full 0):
 garbage-first heap   total 115712K, used 32571K [0x0000000780000000, 0x0000000800000000)
  region size 1024K, 2 young (2048K), 2 survivors (2048K)
 Metaspace       used 35676K, committed 36096K, reserved 491520K
  class space    used 5031K, committed 5248K, reserved 425984K
}
Event: 7.885 GC heap before
{Heap before GC invocations=10 (full 0):
 garbage-first heap   total 115712K, used 86843K [0x0000000780000000, 0x0000000800000000)
  region size 1024K, 55 young (56320K), 2 survivors (2048K)
 Metaspace       used 40681K, committed 41152K, reserved 491520K
  class space    used 5838K, committed 6080K, reserved 425984K
}
Event: 7.891 GC heap after
{Heap after GC invocations=11 (full 0):
 garbage-first heap   total 115712K, used 34212K [0x0000000780000000, 0x0000000800000000)
  region size 1024K, 4 young (4096K), 4 survivors (4096K)
 Metaspace       used 40681K, committed 41152K, reserved 491520K
  class space    used 5838K, committed 6080K, reserved 425984K
}
Event: 9.066 GC heap before
{Heap before GC invocations=11 (full 0):
 garbage-first heap   total 115712K, used 89508K [0x0000000780000000, 0x0000000800000000)
  region size 1024K, 57 young (58368K), 4 survivors (4096K)
 Metaspace       used 47029K, committed 47488K, reserved 491520K
  class space    used 6637K, committed 6848K, reserved 425984K
}
Event: 9.073 GC heap after
{Heap after GC invocations=12 (full 0):
 garbage-first heap   total 115712K, used 36357K [0x0000000780000000, 0x0000000800000000)
  region size 1024K, 6 young (6144K), 6 survivors (6144K)
 Metaspace       used 47029K, committed 47488K, reserved 491520K
  class space    used 6637K, committed 6848K, reserved 425984K
}

