# JRE version: OpenJDK Runtime Environment Zulu17.48+15-CA (17.0.10+7) (build 17.0.10+7-LTS)
# Java VM: OpenJDK 64-Bit Server VM Zulu17.48+15-CA (17.0.10+7-LTS, mixed mode, sharing, tiered, compressed oops, compressed class ptrs, g1 gc, bsd-amd64)
Heap:
 garbage-first heap   total 110592K, used 55722K [0x0000000780000000, 0x0000000800000000)
  region size 1024K, 25 young (25600K), 5 survivors (5120K)
 Metaspace       used 48459K, committed 48960K, reserved 491520K
  class space    used 6873K, committed 7104K, reserved 425984K
GC Heap History (20 events):
Event: 0.349 GC heap before
{Heap before GC invocations=0 (full 0):
 garbage-first heap   total 133120K, used 13224K [0x0000000780000000, 0x0000000800000000)
  region size 1024K, 13 young (13312K), 0 survivors (0K)
 Metaspace       used 1009K, committed 1152K, reserved 491520K
  class space    used 80K, committed 128K, reserved 425984K
}
Event: 0.353 GC heap after
{Heap after GC invocations=1 (full 0):
 garbage-first heap   total 133120K, used 2995K [0x0000000780000000, 0x0000000800000000)
  region size 1024K, 2 young (2048K), 2 survivors (2048K)
 Metaspace       used 1009K, committed 1152K, reserved 491520K
  class space    used 80K, committed 128K, reserved 425984K
}
Event: 0.823 GC heap before
{Heap before GC invocations=1 (full 0):
 garbage-first heap   total 133120K, used 28595K [0x0000000780000000, 0x0000000800000000)
  region size 1024K, 24 young (24576K), 2 survivors (2048K)
 Metaspace       used 4045K, committed 4224K, reserved 491520K
  class space    used 519K, committed 640K, reserved 425984K
}
Event: 0.830 GC heap after
{Heap after GC invocations=2 (full 0):
 garbage-first heap   total 133120K, used 11783K [0x0000000780000000, 0x0000000800000000)
  region size 1024K, 3 young (3072K), 3 survivors (3072K)
 Metaspace       used 4045K, committed 4224K, reserved 491520K
  class space    used 519K, committed 640K, reserved 425984K
}
Event: 1.103 GC heap before
{Heap before GC invocations=2 (full 0):
 garbage-first heap   total 133120K, used 40455K [0x0000000780000000, 0x0000000800000000)
  region size 1024K, 29 young (29696K), 3 survivors (3072K)
 Metaspace       used 4663K, committed 4864K, reserved 491520K
  class space    used 631K, committed 768K, reserved 425984K
}
Event: 1.111 GC heap after
{Heap after GC invocations=3 (full 0):
 garbage-first heap   total 133120K, used 17320K [0x0000000780000000, 0x0000000800000000)
  region size 1024K, 4 young (4096K), 4 survivors (4096K)
 Metaspace       used 4663K, committed 4864K, reserved 491520K
  class space    used 631K, committed 768K, reserved 425984K
}
Event: 2.644 GC heap before
{Heap before GC invocations=3 (full 0):
 garbage-first heap   total 133120K, used 91048K [0x0000000780000000, 0x0000000800000000)
  region size 1024K, 76 young (77824K), 4 survivors (4096K)
 Metaspace       used 17835K, committed 18112K, reserved 491520K
  class space    used 2611K, committed 2752K, reserved 425984K
}
Event: 2.662 GC heap after
{Heap after GC invocations=4 (full 0):
 garbage-first heap   total 133120K, used 22440K [0x0000000780000000, 0x0000000800000000)
  region size 1024K, 9 young (9216K), 9 survivors (9216K)
 Metaspace       used 17835K, committed 18112K, reserved 491520K
  class space    used 2611K, committed 2752K, reserved 425984K
}
Event: 4.671 GC heap before
{Heap before GC invocations=4 (full 0):
 garbage-first heap   total 133120K, used 48040K [0x0000000780000000, 0x0000000800000000)
  region size 1024K, 35 young (35840K), 9 survivors (9216K)
 Metaspace       used 21263K, committed 21504K, reserved 491520K
  class space    used 3147K, committed 3264K, reserved 425984K
}
Event: 4.681 GC heap after
{Heap after GC invocations=5 (full 0):
 garbage-first heap   total 133120K, used 24119K [0x0000000780000000, 0x0000000800000000)
  region size 1024K, 7 young (7168K), 7 survivors (7168K)
 Metaspace       used 21263K, committed 21504K, reserved 491520K
  class space    used 3147K, committed 3264K, reserved 425984K
}
Event: 6.845 GC heap before
{Heap before GC invocations=6 (full 0):
 garbage-first heap   total 92160K, used 72247K [0x0000000780000000, 0x0000000800000000)
  region size 1024K, 54 young (55296K), 7 survivors (7168K)
 Metaspace       used 27293K, committed 27648K, reserved 491520K
  class space    used 4009K, committed 4224K, reserved 425984K
}
Event: 6.861 GC heap after
{Heap after GC invocations=7 (full 0):
 garbage-first heap   total 92160K, used 26428K [0x0000000780000000, 0x0000000800000000)
  region size 1024K, 4 young (4096K), 4 survivors (4096K)
 Metaspace       used 27293K, committed 27648K, reserved 491520K
  class space    used 4009K, committed 4224K, reserved 425984K
}
Event: 7.585 GC heap before
{Heap before GC invocations=7 (full 0):
 garbage-first heap   total 92160K, used 67388K [0x0000000780000000, 0x0000000800000000)
  region size 1024K, 45 young (46080K), 4 survivors (4096K)
 Metaspace       used 32730K, committed 33152K, reserved 491520K
  class space    used 4696K, committed 4864K, reserved 425984K
}
Event: 7.596 GC heap after
{Heap after GC invocations=8 (full 0):
 garbage-first heap   total 92160K, used 30502K [0x0000000780000000, 0x0000000800000000)
  region size 1024K, 6 young (6144K), 6 survivors (6144K)
 Metaspace       used 32730K, committed 33152K, reserved 491520K
  class space    used 4696K, committed 4864K, reserved 425984K
}
Event: 7.952 GC heap before
{Heap before GC invocations=8 (full 0):
 garbage-first heap   total 92160K, used 56102K [0x0000000780000000, 0x0000000800000000)
  region size 1024K, 28 young (28672K), 6 survivors (6144K)
 Metaspace       used 35534K, committed 35968K, reserved 491520K
  class space    used 5025K, committed 5248K, reserved 425984K
}
Event: 7.962 GC heap after
{Heap after GC invocations=9 (full 0):
 garbage-first heap   total 110592K, used 32433K [0x0000000780000000, 0x0000000800000000)
  region size 1024K, 3 young (3072K), 3 survivors (3072K)
 Metaspace       used 35534K, committed 35968K, reserved 491520K
  class space    used 5025K, committed 5248K, reserved 425984K
}
Event: 8.702 GC heap before
{Heap before GC invocations=10 (full 0):
 garbage-first heap   total 110592K, used 81585K [0x0000000780000000, 0x0000000800000000)
  region size 1024K, 51 young (52224K), 3 survivors (3072K)
 Metaspace       used 40077K, committed 40576K, reserved 491520K
  class space    used 5740K, committed 5952K, reserved 425984K
}
Event: 8.707 GC heap after
{Heap after GC invocations=11 (full 0):
 garbage-first heap   total 110592K, used 33924K [0x0000000780000000, 0x0000000800000000)
  region size 1024K, 4 young (4096K), 4 survivors (4096K)
 Metaspace       used 40077K, committed 40576K, reserved 491520K
  class space    used 5740K, committed 5952K, reserved 425984K
}
Event: 9.433 GC heap before
{Heap before GC invocations=11 (full 0):
 garbage-first heap   total 110592K, used 85124K [0x0000000780000000, 0x0000000800000000)
  region size 1024K, 53 young (54272K), 4 survivors (4096K)
 Metaspace       used 45808K, committed 46336K, reserved 491520K
  class space    used 6498K, committed 6720K, reserved 425984K
}
Event: 9.440 GC heap after
{Heap after GC invocations=12 (full 0):
 garbage-first heap   total 110592K, used 35242K [0x0000000780000000, 0x0000000800000000)
  region size 1024K, 5 young (5120K), 5 survivors (5120K)
 Metaspace       used 45808K, committed 46336K, reserved 491520K
  class space    used 6498K, committed 6720K, reserved 425984K
}

