# JRE version: OpenJDK Runtime Environment Zulu17.48+15-CA (17.0.10+7) (build 17.0.10+7-LTS)
# Java VM: OpenJDK 64-Bit Server VM Zulu17.48+15-CA (17.0.10+7-LTS, mixed mode, sharing, tiered, compressed oops, compressed class ptrs, g1 gc, bsd-amd64)
Heap:
 garbage-first heap   total 96256K, used 37442K [0x0000000780000000, 0x0000000800000000)
  region size 1024K, 6 young (6144K), 5 survivors (5120K)
 Metaspace       used 48424K, committed 48960K, reserved 491520K
  class space    used 6862K, committed 7104K, reserved 425984K
GC Heap History (20 events):
Event: 1.035 GC heap after
{Heap after GC invocations=2 (full 0):
 garbage-first heap   total 133120K, used 11682K [0x0000000780000000, 0x0000000800000000)
  region size 1024K, 4 young (4096K), 4 survivors (4096K)
 Metaspace       used 4052K, committed 4224K, reserved 491520K
  class space    used 520K, committed 640K, reserved 425984K
}
Event: 1.383 GC heap before
{Heap before GC invocations=2 (full 0):
 garbage-first heap   total 133120K, used 40354K [0x0000000780000000, 0x0000000800000000)
  region size 1024K, 30 young (30720K), 4 survivors (4096K)
 Metaspace       used 4702K, committed 4928K, reserved 491520K
  class space    used 643K, committed 768K, reserved 425984K
}
Event: 1.390 GC heap after
{Heap after GC invocations=3 (full 0):
 garbage-first heap   total 133120K, used 17161K [0x0000000780000000, 0x0000000800000000)
  region size 1024K, 4 young (4096K), 4 survivors (4096K)
 Metaspace       used 4702K, committed 4928K, reserved 491520K
  class space    used 643K, committed 768K, reserved 425984K
}
Event: 3.210 GC heap before
{Heap before GC invocations=3 (full 0):
 garbage-first heap   total 133120K, used 90889K [0x0000000780000000, 0x0000000800000000)
  region size 1024K, 76 young (77824K), 4 survivors (4096K)
 Metaspace       used 17905K, committed 18240K, reserved 491520K
  class space    used 2620K, committed 2752K, reserved 425984K
}
Event: 3.222 GC heap after
{Heap after GC invocations=4 (full 0):
 garbage-first heap   total 133120K, used 22401K [0x0000000780000000, 0x0000000800000000)
  region size 1024K, 10 young (10240K), 10 survivors (10240K)
 Metaspace       used 17905K, committed 18240K, reserved 491520K
  class space    used 2620K, committed 2752K, reserved 425984K
}
Event: 3.866 GC heap before
{Heap before GC invocations=4 (full 0):
 garbage-first heap   total 133120K, used 46977K [0x0000000780000000, 0x0000000800000000)
  region size 1024K, 35 young (35840K), 10 survivors (10240K)
 Metaspace       used 21251K, committed 21504K, reserved 491520K
  class space    used 3144K, committed 3264K, reserved 425984K
}
Event: 3.875 GC heap after
{Heap after GC invocations=5 (full 0):
 garbage-first heap   total 133120K, used 24190K [0x0000000780000000, 0x0000000800000000)
  region size 1024K, 7 young (7168K), 7 survivors (7168K)
 Metaspace       used 21251K, committed 21504K, reserved 491520K
  class space    used 3144K, committed 3264K, reserved 425984K
}
Event: 5.065 GC heap before
{Heap before GC invocations=6 (full 0):
 garbage-first heap   total 96256K, used 74366K [0x0000000780000000, 0x0000000800000000)
  region size 1024K, 56 young (57344K), 7 survivors (7168K)
 Metaspace       used 28822K, committed 29120K, reserved 491520K
  class space    used 4162K, committed 4288K, reserved 425984K
}
Event: 5.079 GC heap after
{Heap after GC invocations=7 (full 0):
 garbage-first heap   total 96256K, used 27372K [0x0000000780000000, 0x0000000800000000)
  region size 1024K, 5 young (5120K), 5 survivors (5120K)
 Metaspace       used 28822K, committed 29120K, reserved 491520K
  class space    used 4162K, committed 4288K, reserved 425984K
}
Event: 5.120 GC heap before
{Heap before GC invocations=7 (full 0):
 garbage-first heap   total 96256K, used 27372K [0x0000000780000000, 0x0000000800000000)
  region size 1024K, 6 young (6144K), 5 survivors (5120K)
 Metaspace       used 29055K, committed 29376K, reserved 491520K
  class space    used 4184K, committed 4352K, reserved 425984K
}
Event: 5.127 GC heap after
{Heap after GC invocations=8 (full 0):
 garbage-first heap   total 96256K, used 28078K [0x0000000780000000, 0x0000000800000000)
  region size 1024K, 1 young (1024K), 1 survivors (1024K)
 Metaspace       used 29055K, committed 29376K, reserved 491520K
  class space    used 4184K, committed 4352K, reserved 425984K
}
Event: 6.093 GC heap before
{Heap before GC invocations=8 (full 0):
 garbage-first heap   total 96256K, used 75182K [0x0000000780000000, 0x0000000800000000)
  region size 1024K, 43 young (44032K), 1 survivors (1024K)
 Metaspace       used 33532K, committed 33984K, reserved 491520K
  class space    used 4712K, committed 4928K, reserved 425984K
}
Event: 6.101 GC heap after
{Heap after GC invocations=9 (full 0):
 garbage-first heap   total 96256K, used 30930K [0x0000000780000000, 0x0000000800000000)
  region size 1024K, 4 young (4096K), 4 survivors (4096K)
 Metaspace       used 33532K, committed 33984K, reserved 491520K
  class space    used 4712K, committed 4928K, reserved 425984K
}
Event: 6.495 GC heap before
{Heap before GC invocations=9 (full 0):
 garbage-first heap   total 96256K, used 48338K [0x0000000780000000, 0x0000000800000000)
  region size 1024K, 22 young (22528K), 4 survivors (4096K)
 Metaspace       used 35627K, committed 36096K, reserved 491520K
  class space    used 5028K, committed 5248K, reserved 425984K
}
Event: 6.504 GC heap after
{Heap after GC invocations=10 (full 0):
 garbage-first heap   total 96256K, used 31980K [0x0000000780000000, 0x0000000800000000)
  region size 1024K, 2 young (2048K), 2 survivors (2048K)
 Metaspace       used 35627K, committed 36096K, reserved 491520K
  class space    used 5028K, committed 5248K, reserved 425984K
}
Event: 7.563 GC heap before
{Heap before GC invocations=11 (full 0):
 garbage-first heap   total 96256K, used 70892K [0x0000000780000000, 0x0000000800000000)
  region size 1024K, 40 young (40960K), 2 survivors (2048K)
 Metaspace       used 38988K, committed 39488K, reserved 491520K
  class space    used 5574K, committed 5824K, reserved 425984K
}
Event: 7.567 GC heap after
{Heap after GC invocations=12 (full 0):
 garbage-first heap   total 96256K, used 33296K [0x0000000780000000, 0x0000000800000000)
  region size 1024K, 3 young (3072K), 3 survivors (3072K)
 Metaspace       used 38988K, committed 39488K, reserved 491520K
  class space    used 5574K, committed 5824K, reserved 425984K
}
Event: 8.207 GC heap before
{Heap before GC invocations=12 (full 0):
 garbage-first heap   total 96256K, used 74256K [0x0000000780000000, 0x0000000800000000)
  region size 1024K, 42 young (43008K), 3 survivors (3072K)
 Metaspace       used 43566K, committed 44032K, reserved 491520K
  class space    used 6185K, committed 6400K, reserved 425984K
}
Event: 8.213 GC heap after
{Heap after GC invocations=13 (full 0):
 garbage-first heap   total 96256K, used 34939K [0x0000000780000000, 0x0000000800000000)
  region size 1024K, 5 young (5120K), 5 survivors (5120K)
 Metaspace       used 43566K, committed 44032K, reserved 491520K
  class space    used 6185K, committed 6400K, reserved 425984K
}
Event: 8.745 GC heap before
{Heap before GC invocations=13 (full 0):
 garbage-first heap   total 96256K, used 73851K [0x0000000780000000, 0x0000000800000000)
  region size 1024K, 43 young (44032K), 5 survivors (5120K)
 Metaspace       used 48363K, committed 48896K, reserved 491520K
  class space    used 6855K, committed 7104K, reserved 425984K
}

