# JRE version: OpenJDK Runtime Environment Zulu17.48+15-CA (17.0.10+7) (build 17.0.10+7-LTS)
# Java VM: OpenJDK 64-Bit Server VM Zulu17.48+15-CA (17.0.10+7-LTS, mixed mode, sharing, tiered, compressed oops, compressed class ptrs, g1 gc, bsd-amd64)
Heap:
 garbage-first heap   total 115712K, used 90783K [0x0000000780000000, 0x0000000800000000)
  region size 1024K, 52 young (53248K), 4 survivors (4096K)
 Metaspace       used 57994K, committed 58560K, reserved 491520K
  class space    used 7985K, committed 8256K, reserved 425984K
GC Heap History (20 events):
Event: 0.624 GC heap before
{Heap before GC invocations=0 (full 0):
 garbage-first heap   total 133120K, used 13224K [0x0000000780000000, 0x0000000800000000)
  region size 1024K, 13 young (13312K), 0 survivors (0K)
 Metaspace       used 988K, committed 1152K, reserved 491520K
  class space    used 80K, committed 128K, reserved 425984K
}
Event: 0.629 GC heap after
{Heap after GC invocations=1 (full 0):
 garbage-first heap   total 133120K, used 2790K [0x0000000780000000, 0x0000000800000000)
  region size 1024K, 2 young (2048K), 2 survivors (2048K)
 Metaspace       used 988K, committed 1152K, reserved 491520K
  class space    used 80K, committed 128K, reserved 425984K
}
Event: 1.388 GC heap before
{Heap before GC invocations=1 (full 0):
 garbage-first heap   total 133120K, used 29414K [0x0000000780000000, 0x0000000800000000)
  region size 1024K, 25 young (25600K), 2 survivors (2048K)
 Metaspace       used 4033K, committed 4224K, reserved 491520K
  class space    used 519K, committed 640K, reserved 425984K
}
Event: 1.395 GC heap after
{Heap after GC invocations=2 (full 0):
 garbage-first heap   total 133120K, used 12012K [0x0000000780000000, 0x0000000800000000)
  region size 1024K, 4 young (4096K), 4 survivors (4096K)
 Metaspace       used 4033K, committed 4224K, reserved 491520K
  class space    used 519K, committed 640K, reserved 425984K
}
Event: 1.890 GC heap before
{Heap before GC invocations=2 (full 0):
 garbage-first heap   total 133120K, used 40684K [0x0000000780000000, 0x0000000800000000)
  region size 1024K, 30 young (30720K), 4 survivors (4096K)
 Metaspace       used 4711K, committed 4928K, reserved 491520K
  class space    used 640K, committed 768K, reserved 425984K
}
Event: 1.896 GC heap after
{Heap after GC invocations=3 (full 0):
 garbage-first heap   total 133120K, used 17409K [0x0000000780000000, 0x0000000800000000)
  region size 1024K, 4 young (4096K), 4 survivors (4096K)
 Metaspace       used 4711K, committed 4928K, reserved 491520K
  class space    used 640K, committed 768K, reserved 425984K
}
Event: 4.359 GC heap before
{Heap before GC invocations=3 (full 0):
 garbage-first heap   total 133120K, used 90113K [0x0000000780000000, 0x0000000800000000)
  region size 1024K, 75 young (76800K), 4 survivors (4096K)
 Metaspace       used 17717K, committed 17984K, reserved 491520K
  class space    used 2585K, committed 2688K, reserved 425984K
}
Event: 4.373 GC heap after
{Heap after GC invocations=4 (full 0):
 garbage-first heap   total 133120K, used 22400K [0x0000000780000000, 0x0000000800000000)
  region size 1024K, 9 young (9216K), 9 survivors (9216K)
 Metaspace       used 17717K, committed 17984K, reserved 491520K
  class space    used 2585K, committed 2688K, reserved 425984K
}
Event: 5.059 GC heap before
{Heap before GC invocations=4 (full 0):
 garbage-first heap   total 133120K, used 48000K [0x0000000780000000, 0x0000000800000000)
  region size 1024K, 35 young (35840K), 9 survivors (9216K)
 Metaspace       used 21270K, committed 21504K, reserved 491520K
  class space    used 3146K, committed 3264K, reserved 425984K
}
Event: 5.070 GC heap after
{Heap after GC invocations=5 (full 0):
 garbage-first heap   total 133120K, used 24112K [0x0000000780000000, 0x0000000800000000)
  region size 1024K, 7 young (7168K), 7 survivors (7168K)
 Metaspace       used 21270K, committed 21504K, reserved 491520K
  class space    used 3146K, committed 3264K, reserved 425984K
}
Event: 6.164 GC heap before
{Heap before GC invocations=6 (full 0):
 garbage-first heap   total 96256K, used 73264K [0x0000000780000000, 0x0000000800000000)
  region size 1024K, 56 young (57344K), 7 survivors (7168K)
 Metaspace       used 28812K, committed 29184K, reserved 491520K
  class space    used 4163K, committed 4352K, reserved 425984K
}
Event: 6.182 GC heap after
{Heap after GC invocations=7 (full 0):
 garbage-first heap   total 96256K, used 27206K [0x0000000780000000, 0x0000000800000000)
  region size 1024K, 5 young (5120K), 5 survivors (5120K)
 Metaspace       used 28812K, committed 29184K, reserved 491520K
  class space    used 4163K, committed 4352K, reserved 425984K
}
Event: 7.013 GC heap before
{Heap before GC invocations=7 (full 0):
 garbage-first heap   total 96256K, used 69190K [0x0000000780000000, 0x0000000800000000)
  region size 1024K, 47 young (48128K), 5 survivors (5120K)
 Metaspace       used 32890K, committed 33216K, reserved 491520K
  class space    used 4708K, committed 4864K, reserved 425984K
}
Event: 7.030 GC heap after
{Heap after GC invocations=8 (full 0):
 garbage-first heap   total 96256K, used 31533K [0x0000000780000000, 0x0000000800000000)
  region size 1024K, 5 young (5120K), 5 survivors (5120K)
 Metaspace       used 32890K, committed 33216K, reserved 491520K
  class space    used 4708K, committed 4864K, reserved 425984K
}
Event: 7.546 GC heap before
{Heap before GC invocations=8 (full 0):
 garbage-first heap   total 96256K, used 62253K [0x0000000780000000, 0x0000000800000000)
  region size 1024K, 31 young (31744K), 5 survivors (5120K)
 Metaspace       used 35740K, committed 36160K, reserved 491520K
  class space    used 5049K, committed 5248K, reserved 425984K
}
Event: 7.555 GC heap after
{Heap after GC invocations=9 (full 0):
 garbage-first heap   total 115712K, used 32435K [0x0000000780000000, 0x0000000800000000)
  region size 1024K, 2 young (2048K), 2 survivors (2048K)
 Metaspace       used 35740K, committed 36160K, reserved 491520K
  class space    used 5049K, committed 5248K, reserved 425984K
}
Event: 9.183 GC heap before
{Heap before GC invocations=10 (full 0):
 garbage-first heap   total 115712K, used 86707K [0x0000000780000000, 0x0000000800000000)
  region size 1024K, 55 young (56320K), 2 survivors (2048K)
 Metaspace       used 43462K, committed 43968K, reserved 491520K
  class space    used 6113K, committed 6336K, reserved 425984K
}
Event: 9.193 GC heap after
{Heap after GC invocations=11 (full 0):
 garbage-first heap   total 115712K, used 36124K [0x0000000780000000, 0x0000000800000000)
  region size 1024K, 6 young (6144K), 6 survivors (6144K)
 Metaspace       used 43462K, committed 43968K, reserved 491520K
  class space    used 6113K, committed 6336K, reserved 425984K
}
Event: 29.304 GC heap before
{Heap before GC invocations=11 (full 0):
 garbage-first heap   total 115712K, used 87324K [0x0000000780000000, 0x0000000800000000)
  region size 1024K, 56 young (57344K), 6 survivors (6144K)
 Metaspace       used 51490K, committed 52032K, reserved 491520K
  class space    used 7181K, committed 7424K, reserved 425984K
}
Event: 29.319 GC heap after
{Heap after GC invocations=12 (full 0):
 garbage-first heap   total 115712K, used 39590K [0x0000000780000000, 0x0000000800000000)
  region size 1024K, 4 young (4096K), 4 survivors (4096K)
 Metaspace       used 51490K, committed 52032K, reserved 491520K
  class space    used 7181K, committed 7424K, reserved 425984K
}

