# JRE version: OpenJDK Runtime Environment Zulu17.48+15-CA (17.0.10+7) (build 17.0.10+7-LTS)
# Java VM: OpenJDK 64-Bit Server VM Zulu17.48+15-CA (17.0.10+7-LTS, mixed mode, sharing, tiered, compressed oops, compressed class ptrs, g1 gc, bsd-amd64)
Heap:
 garbage-first heap   total 107520K, used 51875K [0x0000000780000000, 0x0000000800000000)
  region size 1024K, 22 young (22528K), 5 survivors (5120K)
 Metaspace       used 48404K, committed 48896K, reserved 491520K
  class space    used 6862K, committed 7104K, reserved 425984K
GC Heap History (20 events):
Event: 0.966 GC heap before
{Heap before GC invocations=1 (full 0):
 garbage-first heap   total 133120K, used 28570K [0x0000000780000000, 0x0000000800000000)
  region size 1024K, 24 young (24576K), 2 survivors (2048K)
 Metaspace       used 4037K, committed 4224K, reserved 491520K
  class space    used 519K, committed 640K, reserved 425984K
}
Event: 0.972 GC heap after
{Heap after GC invocations=2 (full 0):
 garbage-first heap   total 133120K, used 11854K [0x0000000780000000, 0x0000000800000000)
  region size 1024K, 3 young (3072K), 3 survivors (3072K)
 Metaspace       used 4037K, committed 4224K, reserved 491520K
  class space    used 519K, committed 640K, reserved 425984K
}
Event: 1.326 GC heap before
{Heap before GC invocations=2 (full 0):
 garbage-first heap   total 133120K, used 40526K [0x0000000780000000, 0x0000000800000000)
  region size 1024K, 29 young (29696K), 3 survivors (3072K)
 Metaspace       used 4639K, committed 4864K, reserved 491520K
  class space    used 625K, committed 768K, reserved 425984K
}
Event: 1.331 GC heap after
{Heap after GC invocations=3 (full 0):
 garbage-first heap   total 133120K, used 17048K [0x0000000780000000, 0x0000000800000000)
  region size 1024K, 4 young (4096K), 4 survivors (4096K)
 Metaspace       used 4639K, committed 4864K, reserved 491520K
  class space    used 625K, committed 768K, reserved 425984K
}
Event: 2.956 GC heap before
{Heap before GC invocations=3 (full 0):
 garbage-first heap   total 133120K, used 90776K [0x0000000780000000, 0x0000000800000000)
  region size 1024K, 76 young (77824K), 4 survivors (4096K)
 Metaspace       used 17715K, committed 17920K, reserved 491520K
  class space    used 2585K, committed 2688K, reserved 425984K
}
Event: 2.968 GC heap after
{Heap after GC invocations=4 (full 0):
 garbage-first heap   total 133120K, used 22433K [0x0000000780000000, 0x0000000800000000)
  region size 1024K, 10 young (10240K), 10 survivors (10240K)
 Metaspace       used 17715K, committed 17920K, reserved 491520K
  class space    used 2585K, committed 2688K, reserved 425984K
}
Event: 3.487 GC heap before
{Heap before GC invocations=4 (full 0):
 garbage-first heap   total 133120K, used 48033K [0x0000000780000000, 0x0000000800000000)
  region size 1024K, 36 young (36864K), 10 survivors (10240K)
 Metaspace       used 21260K, committed 21504K, reserved 491520K
  class space    used 3147K, committed 3264K, reserved 425984K
}
Event: 3.496 GC heap after
{Heap after GC invocations=5 (full 0):
 garbage-first heap   total 133120K, used 23794K [0x0000000780000000, 0x0000000800000000)
  region size 1024K, 7 young (7168K), 7 survivors (7168K)
 Metaspace       used 21260K, committed 21504K, reserved 491520K
  class space    used 3147K, committed 3264K, reserved 425984K
}
Event: 4.414 GC heap before
{Heap before GC invocations=6 (full 0):
 garbage-first heap   total 89088K, used 69874K [0x0000000780000000, 0x0000000800000000)
  region size 1024K, 52 young (53248K), 7 survivors (7168K)
 Metaspace       used 27019K, committed 27328K, reserved 491520K
  class space    used 3982K, committed 4096K, reserved 425984K
}
Event: 4.427 GC heap after
{Heap after GC invocations=7 (full 0):
 garbage-first heap   total 89088K, used 26705K [0x0000000780000000, 0x0000000800000000)
  region size 1024K, 5 young (5120K), 5 survivors (5120K)
 Metaspace       used 27019K, committed 27328K, reserved 491520K
  class space    used 3982K, committed 4096K, reserved 425984K
}
Event: 4.452 GC heap before
{Heap before GC invocations=7 (full 0):
 garbage-first heap   total 89088K, used 27729K [0x0000000780000000, 0x0000000800000000)
  region size 1024K, 6 young (6144K), 5 survivors (5120K)
 Metaspace       used 27159K, committed 27520K, reserved 491520K
  class space    used 3997K, committed 4160K, reserved 425984K
}
Event: 4.459 GC heap after
{Heap after GC invocations=8 (full 0):
 garbage-first heap   total 107520K, used 26747K [0x0000000780000000, 0x0000000800000000)
  region size 1024K, 1 young (1024K), 1 survivors (1024K)
 Metaspace       used 27159K, committed 27520K, reserved 491520K
  class space    used 3997K, committed 4160K, reserved 425984K
}
Event: 5.576 GC heap before
{Heap before GC invocations=8 (full 0):
 garbage-first heap   total 107520K, used 84091K [0x0000000780000000, 0x0000000800000000)
  region size 1024K, 53 young (54272K), 1 survivors (1024K)
 Metaspace       used 34200K, committed 34688K, reserved 491520K
  class space    used 4815K, committed 5056K, reserved 425984K
}
Event: 5.584 GC heap after
{Heap after GC invocations=9 (full 0):
 garbage-first heap   total 107520K, used 30869K [0x0000000780000000, 0x0000000800000000)
  region size 1024K, 5 young (5120K), 5 survivors (5120K)
 Metaspace       used 34200K, committed 34688K, reserved 491520K
  class space    used 4815K, committed 5056K, reserved 425984K
}
Event: 5.852 GC heap before
{Heap before GC invocations=9 (full 0):
 garbage-first heap   total 107520K, used 42133K [0x0000000780000000, 0x0000000800000000)
  region size 1024K, 17 young (17408K), 5 survivors (5120K)
 Metaspace       used 35556K, committed 35968K, reserved 491520K
  class space    used 5027K, committed 5248K, reserved 425984K
}
Event: 5.860 GC heap after
{Heap after GC invocations=10 (full 0):
 garbage-first heap   total 107520K, used 31589K [0x0000000780000000, 0x0000000800000000)
  region size 1024K, 2 young (2048K), 2 survivors (2048K)
 Metaspace       used 35556K, committed 35968K, reserved 491520K
  class space    used 5027K, committed 5248K, reserved 425984K
}
Event: 6.825 GC heap before
{Heap before GC invocations=11 (full 0):
 garbage-first heap   total 107520K, used 81765K [0x0000000780000000, 0x0000000800000000)
  region size 1024K, 51 young (52224K), 2 survivors (2048K)
 Metaspace       used 40173K, committed 40704K, reserved 491520K
  class space    used 5761K, committed 6016K, reserved 425984K
}
Event: 6.830 GC heap after
{Heap after GC invocations=12 (full 0):
 garbage-first heap   total 107520K, used 33080K [0x0000000780000000, 0x0000000800000000)
  region size 1024K, 3 young (3072K), 3 survivors (3072K)
 Metaspace       used 40173K, committed 40704K, reserved 491520K
  class space    used 5761K, committed 6016K, reserved 425984K
}
Event: 7.669 GC heap before
{Heap before GC invocations=12 (full 0):
 garbage-first heap   total 107520K, used 86328K [0x0000000780000000, 0x0000000800000000)
  region size 1024K, 53 young (54272K), 3 survivors (3072K)
 Metaspace       used 46095K, committed 46656K, reserved 491520K
  class space    used 6536K, committed 6784K, reserved 425984K
}
Event: 7.676 GC heap after
{Heap after GC invocations=13 (full 0):
 garbage-first heap   total 107520K, used 34921K [0x0000000780000000, 0x0000000800000000)
  region size 1024K, 5 young (5120K), 5 survivors (5120K)
 Metaspace       used 46095K, committed 46656K, reserved 491520K
  class space    used 6536K, committed 6784K, reserved 425984K
}

