# JRE version: OpenJDK Runtime Environment Zulu17.48+15-CA (17.0.10+7) (build 17.0.10+7-LTS)
# Java VM: OpenJDK 64-Bit Server VM Zulu17.48+15-CA (17.0.10+7-LTS, mixed mode, sharing, tiered, compressed oops, compressed class ptrs, g1 gc, bsd-amd64)
GC Precious Log:
 CPUs: 4 total, 4 available
 Memory: 8192M
 Large Page Support: Disabled
 NUMA Support: Disabled
 Compressed Oops: Enabled (Zero based)
 Heap Region Size: 1M
 Heap Min Capacity: 8M
 Heap Initial Capacity: 128M
 Heap Max Capacity: 2G
 Pre-touch: Disabled
 Parallel Workers: 4
 Concurrent Workers: 1
 Concurrent Refinement Workers: 4
 Periodic GC: Disabled
Heap:
 garbage-first heap   total 505856K, used 187055K [0x0000000780000000, 0x0000000800000000)
  region size 1024K, 37 young (37888K), 5 survivors (5120K)
 Metaspace       used 129668K, committed 131392K, reserved 557056K
  class space    used 17695K, committed 18496K, reserved 425984K
GC Heap History (20 events):
Event: 1688.785 GC heap before
{Heap before GC invocations=41 (full 0):
 garbage-first heap   total 267264K, used 176359K [0x0000000780000000, 0x0000000800000000)
  region size 1024K, 54 young (55296K), 2 survivors (2048K)
 Metaspace       used 91475K, committed 92864K, reserved 557056K
  class space    used 12632K, committed 13312K, reserved 425984K
}
Event: 1688.805 GC heap after
{Heap after GC invocations=42 (full 0):
 garbage-first heap   total 801792K, used 130850K [0x0000000780000000, 0x0000000800000000)
  region size 1024K, 8 young (8192K), 8 survivors (8192K)
 Metaspace       used 91475K, committed 92864K, reserved 557056K
  class space    used 12632K, committed 13312K, reserved 425984K
}
Event: 2298.707 GC heap before
{Heap before GC invocations=43 (full 0):
 garbage-first heap   total 505856K, used 427810K [0x0000000780000000, 0x0000000800000000)
  region size 1024K, 296 young (303104K), 8 survivors (8192K)
 Metaspace       used 98379K, committed 99904K, reserved 557056K
  class space    used 13589K, committed 14336K, reserved 425984K
}
Event: 2298.812 GC heap after
{Heap after GC invocations=44 (full 0):
 garbage-first heap   total 505856K, used 142462K [0x0000000780000000, 0x0000000800000000)
  region size 1024K, 20 young (20480K), 20 survivors (20480K)
 Metaspace       used 98379K, committed 99904K, reserved 557056K
  class space    used 13589K, committed 14336K, reserved 425984K
}
Event: 2298.881 GC heap before
{Heap before GC invocations=44 (full 0):
 garbage-first heap   total 505856K, used 146558K [0x0000000780000000, 0x0000000800000000)
  region size 1024K, 24 young (24576K), 20 survivors (20480K)
 Metaspace       used 98391K, committed 99904K, reserved 557056K
  class space    used 13589K, committed 14336K, reserved 425984K
}
Event: 2298.929 GC heap after
{Heap after GC invocations=45 (full 0):
 garbage-first heap   total 505856K, used 138434K [0x0000000780000000, 0x0000000800000000)
  region size 1024K, 2 young (2048K), 2 survivors (2048K)
 Metaspace       used 98391K, committed 99904K, reserved 557056K
  class space    used 13589K, committed 14336K, reserved 425984K
}
Event: 2299.123 GC heap before
{Heap before GC invocations=45 (full 0):
 garbage-first heap   total 505856K, used 150722K [0x0000000780000000, 0x0000000800000000)
  region size 1024K, 15 young (15360K), 2 survivors (2048K)
 Metaspace       used 98438K, committed 99968K, reserved 557056K
  class space    used 13590K, committed 14336K, reserved 425984K
}
Event: 2299.131 GC heap after
{Heap after GC invocations=46 (full 0):
 garbage-first heap   total 505856K, used 138896K [0x0000000780000000, 0x0000000800000000)
  region size 1024K, 3 young (3072K), 3 survivors (3072K)
 Metaspace       used 98438K, committed 99968K, reserved 557056K
  class space    used 13590K, committed 14336K, reserved 425984K
}
Event: 2303.302 GC heap before
{Heap before GC invocations=47 (full 0):
 garbage-first heap   total 505856K, used 393872K [0x0000000780000000, 0x0000000800000000)
  region size 1024K, 250 young (256000K), 3 survivors (3072K)
 Metaspace       used 113677K, committed 115264K, reserved 557056K
  class space    used 15424K, committed 16192K, reserved 425984K
}
Event: 2303.325 GC heap after
{Heap after GC invocations=48 (full 0):
 garbage-first heap   total 505856K, used 150294K [0x0000000780000000, 0x0000000800000000)
  region size 1024K, 18 young (18432K), 18 survivors (18432K)
 Metaspace       used 113677K, committed 115264K, reserved 557056K
  class space    used 15424K, committed 16192K, reserved 425984K
}
Event: 2303.355 GC heap before
{Heap before GC invocations=48 (full 0):
 garbage-first heap   total 505856K, used 156438K [0x0000000780000000, 0x0000000800000000)
  region size 1024K, 24 young (24576K), 18 survivors (18432K)
 Metaspace       used 113681K, committed 115264K, reserved 557056K
  class space    used 15424K, committed 16192K, reserved 425984K
}
Event: 2303.394 GC heap after
{Heap after GC invocations=49 (full 0):
 garbage-first heap   total 505856K, used 133274K [0x0000000780000000, 0x0000000800000000)
  region size 1024K, 2 young (2048K), 2 survivors (2048K)
 Metaspace       used 113681K, committed 115264K, reserved 557056K
  class space    used 15424K, committed 16192K, reserved 425984K
}
Event: 2304.584 GC heap before
{Heap before GC invocations=49 (full 0):
 garbage-first heap   total 505856K, used 262298K [0x0000000780000000, 0x0000000800000000)
  region size 1024K, 129 young (132096K), 2 survivors (2048K)
 Metaspace       used 119840K, committed 121472K, reserved 557056K
  class space    used 16297K, committed 17088K, reserved 425984K
}
Event: 2304.600 GC heap after
{Heap after GC invocations=50 (full 0):
 garbage-first heap   total 505856K, used 139418K [0x0000000780000000, 0x0000000800000000)
  region size 1024K, 8 young (8192K), 8 survivors (8192K)
 Metaspace       used 119840K, committed 121472K, reserved 557056K
  class space    used 16297K, committed 17088K, reserved 425984K
}
Event: 2429.505 GC heap before
{Heap before GC invocations=51 (full 0):
 garbage-first heap   total 505856K, used 405658K [0x0000000780000000, 0x0000000800000000)
  region size 1024K, 265 young (271360K), 8 survivors (8192K)
 Metaspace       used 129639K, committed 131328K, reserved 557056K
  class space    used 17703K, committed 18496K, reserved 425984K
}
Event: 2429.546 GC heap after
{Heap after GC invocations=52 (full 0):
 garbage-first heap   total 505856K, used 154746K [0x0000000780000000, 0x0000000800000000)
  region size 1024K, 21 young (21504K), 21 survivors (21504K)
 Metaspace       used 129639K, committed 131328K, reserved 557056K
  class space    used 17703K, committed 18496K, reserved 425984K
}
Event: 2429.577 GC heap before
{Heap before GC invocations=52 (full 0):
 garbage-first heap   total 505856K, used 156794K [0x0000000780000000, 0x0000000800000000)
  region size 1024K, 24 young (24576K), 21 survivors (21504K)
 Metaspace       used 129641K, committed 131328K, reserved 557056K
  class space    used 17703K, committed 18496K, reserved 425984K
}
Event: 2429.626 GC heap after
{Heap after GC invocations=53 (full 0):
 garbage-first heap   total 505856K, used 152379K [0x0000000780000000, 0x0000000800000000)
  region size 1024K, 2 young (2048K), 2 survivors (2048K)
 Metaspace       used 129641K, committed 131328K, reserved 557056K
  class space    used 17703K, committed 18496K, reserved 425984K
}
Event: 2431.051 GC heap before
{Heap before GC invocations=53 (full 0):
 garbage-first heap   total 505856K, used 404283K [0x0000000780000000, 0x0000000800000000)
  region size 1024K, 249 young (254976K), 2 survivors (2048K)
 Metaspace       used 129712K, committed 131328K, reserved 557056K
  class space    used 17707K, committed 18496K, reserved 425984K
}
Event: 2431.057 GC heap after
{Heap after GC invocations=54 (full 0):
 garbage-first heap   total 505856K, used 155311K [0x0000000780000000, 0x0000000800000000)
  region size 1024K, 5 young (5120K), 5 survivors (5120K)
 Metaspace       used 129712K, committed 131328K, reserved 557056K
  class space    used 17707K, committed 18496K, reserved 425984K
}

